0 info it worked if it ends with ok
1 warn npm npm does not support Node.js v10.15.2
2 warn npm You should probably upgrade to a newer version of node as we
3 warn npm can't make any promises that npm will work with this version.
4 warn npm Supported releases of Node.js are the latest release of 4, 6, 7, 8, 9.
5 warn npm You can find the latest version at https://nodejs.org/
6 verbose cli [ '/usr/bin/node', '/usr/bin/npm', 'install', '-g', 'topojson' ]
7 info using npm@5.8.0
8 info using node@v10.15.2
9 verbose npm-session edd327d2e31573a6
10 silly install loadCurrentTree
11 silly install readGlobalPackageData
12 http fetch GET 200 https://registry.npmjs.org/topojson 481ms
13 silly pacote tag manifest for topojson@latest fetched in 505ms
14 silly install loadIdealTree
15 silly install cloneCurrentTreeToIdealTree
16 silly install loadShrinkwrap
17 silly install loadAllDepsIntoIdealTree
18 silly resolveWithNewModule topojson@3.0.2 checking installable status
19 http fetch GET 200 https://registry.npmjs.org/topojson-client 32ms
20 silly pacote version manifest for topojson-client@3.0.0 fetched in 35ms
21 silly resolveWithNewModule topojson-client@3.0.0 checking installable status
22 http fetch GET 200 https://registry.npmjs.org/topojson-server 71ms
23 silly pacote version manifest for topojson-server@3.0.0 fetched in 79ms
24 silly resolveWithNewModule topojson-server@3.0.0 checking installable status
25 http fetch GET 200 https://registry.npmjs.org/topojson-simplify 483ms
26 silly pacote version manifest for topojson-simplify@3.0.2 fetched in 489ms
27 silly resolveWithNewModule topojson-simplify@3.0.2 checking installable status
28 http fetch GET 200 https://registry.npmjs.org/commander 43ms
29 silly pacote range manifest for commander@2 fetched in 49ms
30 silly resolveWithNewModule commander@2.20.0 checking installable status
31 silly currentTree lib
32 silly idealTree lib
32 silly idealTree └─┬ topojson@3.0.2
32 silly idealTree   ├── commander@2.20.0
32 silly idealTree   ├── topojson-client@3.0.0
32 silly idealTree   ├── topojson-server@3.0.0
32 silly idealTree   └── topojson-simplify@3.0.2
33 silly install generateActionsToTake
34 warn checkPermissions Missing write access to /usr/local/lib
35 verbose stack Error: EACCES: permission denied, access '/usr/local/lib'
36 verbose cwd /home/anastasios
37 verbose Linux 4.19.0-5-amd64
38 verbose argv "/usr/bin/node" "/usr/bin/npm" "install" "-g" "topojson"
39 verbose node v10.15.2
40 verbose npm  v5.8.0
41 error path /usr/local/lib
42 error code EACCES
43 error errno -13
44 error syscall access
45 error Error: EACCES: permission denied, access '/usr/local/lib'
45 error  { [Error: EACCES: permission denied, access '/usr/local/lib']
45 error   stack:
45 error    'Error: EACCES: permission denied, access \'/usr/local/lib\'',
45 error   errno: -13,
45 error   code: 'EACCES',
45 error   syscall: 'access',
45 error   path: '/usr/local/lib' }
46 error The operation was rejected by your operating system.
46 error It is likely you do not have the permissions to access this file as the current user
46 error
46 error If you believe this might be a permissions issue, please double-check the
46 error permissions of the file and its containing directories, or try running
46 error the command again as root/Administrator (though this is not recommended).
47 verbose exit [ -13, true ]
